<?xml version="1.0" encoding="UTF-8"?>
<!-- Generated by org.testng.reporters.JUnitReportReporter -->
<testsuite hostname="QT-INHD-LT0805" failures="0" tests="1" name="testNgTestRunner.testngTest" time="0.062" errors="1" timestamp="2022-12-07T09:49:55 IST" skipped="0">
  <testcase classname="testNgTestRunner.testngTest" name="runScenario" time="0.062">
    <error message="TODO: implement me" type="io.cucumber.java.PendingException">
      <![CDATA[io.cucumber.java.PendingException: TODO: implement me
at stepDefnation.StepDef.user_entered_mobile_number_and_password_are_entered(StepDef.java:24)
at ✽.user entered mobile number and password are entered(file:///C:/Users/saisrinadh.porandla/eclipse-workspace/Automation/src/test/java/features/Demo.feature:5)
]]>
    </error>
  </testcase> <!-- runScenario -->
  <system-out/>
</testsuite> <!-- testNgTestRunner.testngTest -->
