<?xml version="1.0" encoding="UTF-8"?>
<testng-results ignored="0" total="1" passed="1" failed="0" skipped="0">
  <reporter-output>
  </reporter-output>
  <suite started-at="2022-12-08T10:32:25 IST" name="Default suite" finished-at="2022-12-08T10:32:25 IST" duration-ms="306">
    <groups>
      <group name="cucumber">
        <method signature="AbstractTestNGCucumberTests.runScenario(io.cucumber.testng.PickleWrapper,io.cucumber.testng.FeatureWrapper)[pri:0, instance:cucumberOptions.testngTest@48f2bd5b]" name="runScenario" class="io.cucumber.testng.AbstractTestNGCucumberTests"/>
      </group> <!-- cucumber -->
    </groups>
    <test started-at="2022-12-08T10:32:25 IST" name="Default test" finished-at="2022-12-08T10:32:25 IST" duration-ms="306">
      <class name="cucumberOptions.testngTest">
        <test-method is-config="true" signature="setUpClass(org.testng.ITestContext)[pri:0, instance:cucumberOptions.testngTest@48f2bd5b]" started-at="2022-12-08T10:32:25 IST" name="setUpClass" finished-at="2022-12-08T10:32:25 IST" duration-ms="196" status="PASS">
          <params>
            <param index="0">
              <value>
                <![CDATA[org.testng.TestRunner@4d9ac0b4]]>
              </value>
            </param>
          </params>
          <reporter-output>
          </reporter-output>
        </test-method> <!-- setUpClass -->
        <test-method signature="runScenario(io.cucumber.testng.PickleWrapper,io.cucumber.testng.FeatureWrapper)[pri:0, instance:cucumberOptions.testngTest@48f2bd5b]" started-at="2022-12-08T10:32:25 IST" name="runScenario" description="Runs Cucumber Scenarios" data-provider="scenarios" finished-at="2022-12-08T10:32:25 IST" duration-ms="67" status="PASS">
          <params>
            <param index="0">
              <value>
                <![CDATA["Home Page Demo"]]>
              </value>
            </param>
            <param index="1">
              <value>
                <![CDATA["App LogIn"]]>
              </value>
            </param>
          </params>
          <reporter-output>
          </reporter-output>
        </test-method> <!-- runScenario -->
        <test-method is-config="true" signature="tearDownClass()[pri:0, instance:cucumberOptions.testngTest@48f2bd5b]" started-at="2022-12-08T10:32:25 IST" name="tearDownClass" finished-at="2022-12-08T10:32:25 IST" duration-ms="6" status="PASS">
          <reporter-output>
          </reporter-output>
        </test-method> <!-- tearDownClass -->
      </class> <!-- cucumberOptions.testngTest -->
    </test> <!-- Default test -->
  </suite> <!-- Default suite -->
</testng-results>
