<?xml version="1.0" encoding="UTF-8"?>
<testsuite xmlns:xsi="http://www.w3.org/2001/XMLSchema-instance" xsi:noNamespaceSchemaLocation="https://maven.apache.org/surefire/maven-surefire-plugin/xsd/surefire-test-report.xsd" name="cucumberOptions.TestRunner" time="0.318" tests="5" errors="2" skipped="3" failures="0">
  <properties>
[...]
</properties>
  <testcase name="user on amazon landing page" classname="Home Page Demo" time="0.009">
    <error message="The step &apos;user on amazon landing page&apos; and 3 other step(s) are undefined.&#10;You can implement these steps using the snippet(s) below:&#10;&#10;@Given(&quot;user on amazon landing page&quot;)&#10;public void user_on_amazon_landing_page() {&#10;    // Write code here that turns the phrase above into concrete actions&#10;    throw new io.cucumber.java.PendingException();&#10;}&#10;@When(&quot;user entered mobile number and password are entered&quot;)&#10;public void user_entered_mobile_number_and_password_are_entered() {&#10;    // Write code here that turns the phrase above into concrete actions&#10;    throw new io.cucumber.java.PendingException();&#10;}&#10;@When(&quot;click on sign up&quot;)&#10;public void click_on_sign_up() {&#10;    // Write code here that turns the phrase above into concrete actions&#10;    throw new io.cucumber.java.PendingException();&#10;}&#10;@Then(&quot;user able to see amazon home page&quot;)&#10;public void user_able_to_see_amazon_home_page() {&#10;    // Write code here that turns the phrase above into concrete actions&#10;    throw new io.cucumber.java.PendingException();&#10;}&#10;" type="io.cucumber.junit.UndefinedStepException">io.cucumber.junit.UndefinedStepException: 
The step 'user on amazon landing page' and 3 other step(s) are undefined.
You can implement these steps using the snippet(s) below:

@Given("user on amazon landing page")
public void user_on_amazon_landing_page() {
    // Write code here that turns the phrase above into concrete actions
    throw new io.cucumber.java.PendingException();
}
@When("user entered mobile number and password are entered")
public void user_entered_mobile_number_and_password_are_entered() {
    // Write code here that turns the phrase above into concrete actions
    throw new io.cucumber.java.PendingException();
}
@When("click on sign up")
public void click_on_sign_up() {
    // Write code here that turns the phrase above into concrete actions
    throw new io.cucumber.java.PendingException();
}
@Then("user able to see amazon home page")
public void user_able_to_see_amazon_home_page() {
    // Write code here that turns the phrase above into concrete actions
    throw new io.cucumber.java.PendingException();
}

</error>
  </testcase>
  <testcase name="user entered mobile number and password are entered" classname="Home Page Demo" time="0">
    <skipped message="This step is skipped"/>
  </testcase>
  <testcase name="click on sign up" classname="Home Page Demo" time="0">
    <skipped message="This step is skipped"/>
  </testcase>
  <testcase name="user able to see amazon home page" classname="Home Page Demo" time="0">
    <skipped message="This step is skipped"/>
  </testcase>
  <testcase name="Home Page Demo" classname="Home Page Demo" time="0">
    <error message="The step &apos;user on amazon landing page&apos; and 3 other step(s) are undefined.&#10;You can implement these steps using the snippet(s) below:&#10;&#10;@Given(&quot;user on amazon landing page&quot;)&#10;public void user_on_amazon_landing_page() {&#10;    // Write code here that turns the phrase above into concrete actions&#10;    throw new io.cucumber.java.PendingException();&#10;}&#10;@When(&quot;user entered mobile number and password are entered&quot;)&#10;public void user_entered_mobile_number_and_password_are_entered() {&#10;    // Write code here that turns the phrase above into concrete actions&#10;    throw new io.cucumber.java.PendingException();&#10;}&#10;@When(&quot;click on sign up&quot;)&#10;public void click_on_sign_up() {&#10;    // Write code here that turns the phrase above into concrete actions&#10;    throw new io.cucumber.java.PendingException();&#10;}&#10;@Then(&quot;user able to see amazon home page&quot;)&#10;public void user_able_to_see_amazon_home_page() {&#10;    // Write code here that turns the phrase above into concrete actions&#10;    throw new io.cucumber.java.PendingException();&#10;}&#10;" type="io.cucumber.junit.UndefinedStepException">io.cucumber.junit.UndefinedStepException: 
The step 'user on amazon landing page' and 3 other step(s) are undefined.
You can implement these steps using the snippet(s) below:

@Given("user on amazon landing page")
public void user_on_amazon_landing_page() {
    // Write code here that turns the phrase above into concrete actions
    throw new io.cucumber.java.PendingException();
}
@When("user entered mobile number and password are entered")
public void user_entered_mobile_number_and_password_are_entered() {
    // Write code here that turns the phrase above into concrete actions
    throw new io.cucumber.java.PendingException();
}
@When("click on sign up")
public void click_on_sign_up() {
    // Write code here that turns the phrase above into concrete actions
    throw new io.cucumber.java.PendingException();
}
@Then("user able to see amazon home page")
public void user_able_to_see_amazon_home_page() {
    // Write code here that turns the phrase above into concrete actions
    throw new io.cucumber.java.PendingException();
}

</error>
  </testcase>
</testsuite>